<?xml version="1.0" encoding="UTF-8"?>
<testsuite xmlns:xsi="http://www.w3.org/2001/XMLSchema-instance" xsi:noNamespaceSchemaLocation="https://maven.apache.org/surefire/maven-surefire-plugin/xsd/surefire-test-report.xsd" name="com.example.webfluxdemo.WebfluxDemoApplicationTests" time="184.27" tests="5" errors="0" skipped="0" failures="0">
  <properties>
[...]
</properties>
  <testcase name="testDeleteTweet" classname="com.example.webfluxdemo.WebfluxDemoApplicationTests" time="4.093"/>
  <testcase name="testUpdateTweet" classname="com.example.webfluxdemo.WebfluxDemoApplicationTests" time="0.653"/>
  <testcase name="testCreateTweet" classname="com.example.webfluxdemo.WebfluxDemoApplicationTests" time="0.029"/>
  <testcase name="testGetAllTweets" classname="com.example.webfluxdemo.WebfluxDemoApplicationTests" time="0.122"/>
  <testcase name="testGetSingleTweet" classname="com.example.webfluxdemo.WebfluxDemoApplicationTests" time="0.225"/>
</testsuite>